proguard/mapping.txt
com.deliciousdroid.action.BookmarkTaskArgs -> com.deliciousdroid.f.a:
    com.deliciousdroid.providers.BookmarkContent$Bookmark bookmark -> a
    android.accounts.Account account -> b
    android.content.Context context -> c
    com.deliciousdroid.providers.BookmarkContent$Bookmark getBookmark() -> a
    android.accounts.Account getAccount() -> b
    android.content.Context getContext() -> c
com.deliciousdroid.action.DeleteBookmarkTask -> com.deliciousdroid.f.b:
    android.content.Context context -> a
    com.deliciousdroid.providers.BookmarkContent$Bookmark bookmark -> b
    android.accounts.Account account -> c
    java.lang.Boolean doInBackground(com.deliciousdroid.action.BookmarkTaskArgs[]) -> a
    void onPostExecute(java.lang.Object) -> onPostExecute
    java.lang.Object doInBackground(java.lang.Object[]) -> doInBackground
com.deliciousdroid.activity.AddBookmark -> com.deliciousdroid.activity.AddBookmark:
    android.widget.EditText mEditUrl -> e
    android.widget.EditText mEditDescription -> f
    android.widget.ProgressBar mDescriptionProgress -> g
    android.widget.EditText mEditNotes -> h
    android.widget.EditText mEditTags -> i
    android.widget.TextView mRecommendedTags -> j
    android.widget.ProgressBar mRecommendedProgress -> k
    android.widget.TextView mPopularTags -> l
    android.widget.ProgressBar mPopularProgress -> m
    android.widget.TextView mNetworkTags -> n
    android.widget.ProgressBar mNetworkProgress -> o
    android.widget.CheckBox mPrivate -> p
    com.deliciousdroid.providers.BookmarkContent$Bookmark bookmark -> q
    java.lang.Boolean update -> r
    android.content.res.Resources res -> s
    com.deliciousdroid.providers.BookmarkContent$Bookmark oldBookmark -> t
    long updateTime -> u
    com.deliciousdroid.ui.TagSpan$OnTagClickListener tagOnClickListener -> d
    void onCreate(android.os.Bundle) -> onCreate
    void saveHandler(android.view.View) -> saveHandler
    void cancelHandler(android.view.View) -> cancelHandler
    void save() -> b
    boolean onCreateOptionsMenu(android.view.Menu) -> onCreateOptionsMenu
    boolean onOptionsItemSelected(android.view.MenuItem) -> onOptionsItemSelected
    android.widget.EditText access$0(com.deliciousdroid.activity.AddBookmark) -> a
    java.lang.Boolean access$1(com.deliciousdroid.activity.AddBookmark) -> b
com.deliciousdroid.activity.AddBookmark$1 -> com.deliciousdroid.activity.e:
    com.deliciousdroid.activity.AddBookmark this$0 -> a
    void onTagClick(java.lang.String) -> a
com.deliciousdroid.activity.AddBookmark$2 -> com.deliciousdroid.activity.c:
    com.deliciousdroid.activity.AddBookmark this$0 -> a
    void onFocusChange(android.view.View,boolean) -> onFocusChange
com.deliciousdroid.activity.AddBookmark$AddBookmarkTask -> com.deliciousdroid.activity.d:
    android.content.Context context -> a
    com.deliciousdroid.providers.BookmarkContent$Bookmark bookmark -> b
    android.accounts.Account account -> c
    android.app.ProgressDialog progress -> d
    com.deliciousdroid.activity.AddBookmark this$0 -> e
    java.lang.Boolean doInBackground(com.deliciousdroid.action.BookmarkTaskArgs[]) -> a
    void onPreExecute() -> onPreExecute
    void onPostExecute(java.lang.Object) -> onPostExecute
    java.lang.Object doInBackground(java.lang.Object[]) -> doInBackground
com.deliciousdroid.activity.AddBookmark$GetTagSuggestionsTask -> com.deliciousdroid.activity.s:
    java.lang.String url -> a
    com.deliciousdroid.activity.AddBookmark this$0 -> b
    java.util.ArrayList doInBackground(java.lang.String[]) -> a
    void onPreExecute() -> onPreExecute
    void addTag(android.text.SpannableStringBuilder,com.deliciousdroid.providers.TagContent$Tag) -> a
    void onPostExecute(java.lang.Object) -> onPostExecute
    java.lang.Object doInBackground(java.lang.Object[]) -> doInBackground