proguard/usage.txt
com.deliciousdroid.Constants
com.deliciousdroid.R
com.deliciousdroid.R$array
com.deliciousdroid.R$attr
com.deliciousdroid.R$color
com.deliciousdroid.R$drawable
com.deliciousdroid.R$id
com.deliciousdroid.R$layout
com.deliciousdroid.R$menu
com.deliciousdroid.R$string
com.deliciousdroid.R$style
com.deliciousdroid.R$xml
com.deliciousdroid.activity.AddBookmark:
    java.lang.Thread background
com.deliciousdroid.activity.Profile:
    android.webkit.WebView mWebView
com.deliciousdroid.authenticator.AuthToken:
    private android.os.Handler mHandler
    66:94:public void getAuthTokenAsync(android.os.Handler)
    36:36:static android.accounts.AccountManager access$0(com.deliciousdroid.authenticator.AuthToken)
    37:37:static android.accounts.Account access$1(com.deliciousdroid.authenticator.AuthToken)
    34:34:static void access$2(com.deliciousdroid.authenticator.AuthToken,java.lang.String)
    34:34:static java.lang.String access$3(com.deliciousdroid.authenticator.AuthToken)
    38:38:static android.os.Handler access$4(com.deliciousdroid.authenticator.AuthToken)
com.deliciousdroid.authenticator.AuthToken$1
com.deliciousdroid.authenticator.AuthenticationService:
    private static final java.lang.String TAG
com.deliciousdroid.authenticator.AuthenticatorActivity:
    public static final java.lang.String PARAM_CONFIRMCREDENTIALS
    public static final java.lang.String PARAM_PASSWORD
    public static final java.lang.String PARAM_USERNAME
    public static final java.lang.String PARAM_AUTHTOKEN_TYPE
    private static final java.lang.String TAG
com.deliciousdroid.client.DeliciousApi:
    private static final java.lang.String TAG
    public static final java.lang.String USER_AGENT
    public static final int REGISTRATION_TIMEOUT
    public static final java.lang.String FETCH_TAGS_URI
    public static final java.lang.String FETCH_BUNDLES_URI
    public static final java.lang.String FETCH_SUGGESTED_TAGS_URI
    public static final java.lang.String FETCH_BOOKMARKS_URI
    public static final java.lang.String FETCH_CHANGED_BOOKMARKS_URI
    public static final java.lang.String FETCH_BOOKMARK_URI
    public static final java.lang.String LAST_UPDATE_URI
    public static final java.lang.String DELETE_BOOKMARK_URI
    public static final java.lang.String ADD_BOOKMARKS_URI
    private static final java.lang.String SCHEME
    private static final java.lang.String SCHEME_HTTP
    private static final java.lang.String DELICIOUS_AUTHORITY
    private static final int PORT
com.deliciousdroid.client.DeliciousFeed:
    private static final java.lang.String TAG
    public static final java.lang.String USER_AGENT
    public static final int REGISTRATION_TIMEOUT
    public static final java.lang.String FETCH_FRIEND_UPDATES_URI
    public static final java.lang.String FETCH_FRIEND_BOOKMARKS_URI
    public static final java.lang.String FETCH_NETWORK_RECENT_BOOKMARKS_URI
    public static final java.lang.String FETCH_HOTLIST_BOOKMARKS_URI
    public static final java.lang.String FETCH_POPULAR_BOOKMARKS_URI
    public static final java.lang.String FETCH_STATUS_URI
    public static final java.lang.String FETCH_TAGS_URI
com.deliciousdroid.client.HttpClientFactory:
    public static final int REGISTRATION_TIMEOUT
com.deliciousdroid.client.LoginResult:
    50:50:public java.lang.String getCallbackConfirmed()
    54:54:public java.lang.String getExpiration()
    62:62:public java.lang.String getAccessToken()
    74:74:public java.lang.String getSessionExpiration()
    78:78:public java.lang.String getYahooGuid()